[    0.000000] Initializing cgroup subsys cpuset
[    0.000000] Initializing cgroup subsys cpu
[    0.000000] Initializing cgroup subsys cpuacct
[    0.000000] Linux version 4.4.0-96-generic (buildd@lgw01-10) (gcc version 5.4.0 20160609 (Ubuntu 5.4.0-6ubuntu1~16.04.4) ) #119-Ubuntu SMP Tue Sep 12 14:59:54 UTC 2017 (Ubuntu 4.4.0-96.119-generic 4.4.83)
[    0.000000] Command line: BOOT_IMAGE=/boot/vmlinuz-4.4.0-96-generic root=LABEL=cloudimg-rootfs ro console=tty1 console=ttyS0
[    0.000000] KERNEL supported cpus:
[    0.000000]   Intel GenuineIntel
[    0.000000]   AMD AuthenticAMD
[    0.000000]   Centaur CentaurHauls
[    0.000000] x86/fpu: xstate_offset[2]:  576, xstate_sizes[2]:  256
[    0.000000] x86/fpu: Supporting XSAVE feature 0x01: 'x87 floating point registers'
[    0.000000] x86/fpu: Supporting XSAVE feature 0x02: 'SSE registers'
[    0.000000] x86/fpu: Supporting XSAVE feature 0x04: 'AVX registers'
[    0.000000] x86/fpu: Enabled xstate features 0x7, context size is 832 bytes, using 'standard' format.
[    0.000000] x86/fpu: Using 'lazy' FPU context switches.
[    0.000000] e820: BIOS-provided physical RAM map:
[    0.000000] BIOS-e820: [mem 0x0000000000000000-0x000000000009fbff] usable
[    0.000000] BIOS-e820: [mem 0x000000000009fc00-0x000000000009ffff] reserved
[    0.000000] BIOS-e820: [mem 0x00000000000f0000-0x00000000000fffff] reserved
[    0.000000] BIOS-e820: [mem 0x0000000000100000-0x000000003ffeffff] usable
[    0.000000] BIOS-e820: [mem 0x000000003fff0000-0x000000003fffffff] ACPI data
[    0.000000] BIOS-e820: [mem 0x00000000fec00000-0x00000000fec00fff] reserved
[    0.000000] BIOS-e820: [mem 0x00000000fee00000-0x00000000fee00fff] reserved
[    0.000000] BIOS-e820: [mem 0x00000000fffc0000-0x00000000ffffffff] reserved
[    0.000000] NX (Execute Disable) protection: active
[    0.000000] SMBIOS 2.5 present.
[    0.000000] Hypervisor detected: KVM
[    0.000000] e820: last_pfn = 0x3fff0 max_arch_pfn = 0x400000000
[    0.000000] MTRR: Disabled
[    0.000000] x86/PAT: MTRRs disabled, skipping PAT initialization too.
[    0.000000] CPU MTRRs all blank - virtualized system.
[    0.000000] x86/PAT: Configuration [0-7]: WB  WT  UC- UC  WB  WT  UC- UC  
[    0.000000] found SMP MP-table at [mem 0x0009fff0-0x0009ffff] mapped at [ffff88000009fff0]
[    0.000000] Scanning 1 areas for low memory corruption
[    0.000000] RAMDISK: [mem 0x36adc000-0x37565fff]
[    0.000000] ACPI: Early table checksum verification disabled
[    0.000000] ACPI: RSDP 0x00000000000E0000 000024 (v02 VBOX  )
[    0.000000] ACPI: XSDT 0x000000003FFF0030 00003C (v01 VBOX   VBOXXSDT 00000001 ASL  00000061)
[    0.000000] ACPI: FACP 0x000000003FFF00F0 0000F4 (v04 VBOX   VBOXFACP 00000001 ASL  00000061)
[    0.000000] ACPI: DSDT 0x000000003FFF0470 0021FF (v02 VBOX   VBOXBIOS 00000002 INTL 20100528)
[    0.000000] ACPI: FACS 0x000000003FFF0200 000040
[    0.000000] ACPI: FACS 0x000000003FFF0200 000040
[    0.000000] ACPI: APIC 0x000000003FFF0240 00005C (v02 VBOX   VBOXAPIC 00000001 ASL  00000061)
[    0.000000] ACPI: SSDT 0x000000003FFF02A0 0001CC (v01 VBOX   VBOXCPUT 00000002 INTL 20100528)
[    0.000000] No NUMA configuration found
[    0.000000] Faking a node at [mem 0x0000000000000000-0x000000003ffeffff]
[    0.000000] NODE_DATA(0) allocated [mem 0x3ffeb000-0x3ffeffff]
[    0.000000] kvm-clock: Using msrs 4b564d01 and 4b564d00
[    0.000000] kvm-clock: cpu 0, msr 0:3ffe3001, primary cpu clock
[    0.000000] kvm-clock: using sched offset of 3374175158 cycles
[    0.000000] clocksource: kvm-clock: mask: 0xffffffffffffffff max_cycles: 0x1cd42e4dffb, max_idle_ns: 881590591483 ns
[    0.000000] Zone ranges:
[    0.000000]   DMA      [mem 0x0000000000001000-0x0000000000ffffff]
[    0.000000]   DMA32    [mem 0x0000000001000000-0x000000003ffeffff]
[    0.000000]   Normal   empty
[    0.000000]   Device   empty
[    0.000000] Movable zone start for each node
[    0.000000] Early memory node ranges
[    0.000000]   node   0: [mem 0x0000000000001000-0x000000000009efff]
[    0.000000]   node   0: [mem 0x0000000000100000-0x000000003ffeffff]
[    0.000000] Initmem setup node 0 [mem 0x0000000000001000-0x000000003ffeffff]
[    0.000000] ACPI: PM-Timer IO Port: 0x4008
[    0.000000] IOAPIC[0]: apic_id 2, version 32, address 0xfec00000, GSI 0-23
[    0.000000] ACPI: INT_SRC_OVR (bus 0 bus_irq 0 global_irq 2 dfl dfl)
[    0.000000] ACPI: INT_SRC_OVR (bus 0 bus_irq 9 global_irq 9 high level)
[    0.000000] Using ACPI (MADT) for SMP configuration information
[    0.000000] smpboot: Allowing 2 CPUs, 0 hotplug CPUs
[    0.000000] PM: Registered nosave memory: [mem 0x00000000-0x00000fff]
[    0.000000] PM: Registered nosave memory: [mem 0x0009f000-0x0009ffff]
[    0.000000] PM: Registered nosave memory: [mem 0x000a0000-0x000effff]
[    0.000000] PM: Registered nosave memory: [mem 0x000f0000-0x000fffff]
[    0.000000] e820: [mem 0x40000000-0xfebfffff] available for PCI devices
[    0.000000] Booting paravirtualized kernel on KVM
[    0.000000] clocksource: refined-jiffies: mask: 0xffffffff max_cycles: 0xffffffff, max_idle_ns: 7645519600211568 ns
[    0.000000] setup_percpu: NR_CPUS:512 nr_cpumask_bits:512 nr_cpu_ids:2 nr_node_ids:1
[    0.000000] PERCPU: Embedded 34 pages/cpu @ffff88003fc00000 s98328 r8192 d32744 u1048576
[    0.000000] PV qspinlock hash table entries: 256 (order: 0, 4096 bytes)
[    0.000000] Built 1 zonelists in Node order, mobility grouping on.  Total pages: 257913
[    0.000000] Policy zone: DMA32
[    0.000000] Kernel command line: BOOT_IMAGE=/boot/vmlinuz-4.4.0-96-generic root=LABEL=cloudimg-rootfs ro console=tty1 console=ttyS0
[    0.000000] PID hash table entries: 4096 (order: 3, 32768 bytes)
[    0.000000] Memory: 1001772K/1048120K available (8479K kernel code, 1294K rwdata, 3984K rodata, 1492K init, 1316K bss, 46348K reserved, 0K cma-reserved)
[    0.000000] SLUB: HWalign=64, Order=0-3, MinObjects=0, CPUs=2, Nodes=1
[    0.000000] Hierarchical RCU implementation.
[    0.000000] 	Build-time adjustment of leaf fanout to 64.
[    0.000000] 	RCU restricting CPUs from NR_CPUS=512 to nr_cpu_ids=2.
[    0.000000] RCU: Adjusting geometry for rcu_fanout_leaf=64, nr_cpu_ids=2
[    0.000000] NR_IRQS:33024 nr_irqs:440 16
[    0.000000] Console: colour VGA+ 80x25
[    0.000000] console [tty1] enabled
[    0.000000] console [ttyS0] enabled
[    0.000000] tsc: Detected 1995.381 MHz processor
[   11.247654] Calibrating delay loop (skipped) preset value.. 3990.76 BogoMIPS (lpj=7981524)
[   11.357023] pid_max: default: 32768 minimum: 301
[   11.418605] ACPI: Core revision 20150930
[   11.487844] ACPI: 2 ACPI AML tables successfully acquired and loaded
[   11.583697] Security Framework initialized
[   11.647639] Yama: becoming mindful.
[   11.703213] AppArmor: AppArmor initialized
[   11.759924] Dentry cache hash table entries: 131072 (order: 8, 1048576 bytes)
[   11.874551] Inode-cache hash table entries: 65536 (order: 7, 524288 bytes)
[   11.953992] Mount-cache hash table entries: 2048 (order: 2, 16384 bytes)
[   11.955335] Mountpoint-cache hash table entries: 2048 (order: 2, 16384 bytes)
[   12.005181] Initializing cgroup subsys io
[   12.077923] Initializing cgroup subsys memory
[   12.123193] Initializing cgroup subsys devices
[   12.163013] Initializing cgroup subsys freezer
[   12.223676] Initializing cgroup subsys net_cls
[   12.279431] Initializing cgroup subsys perf_event
[   12.319506] Initializing cgroup subsys net_prio
[   12.356715] Initializing cgroup subsys hugetlb
[   12.404615] Initializing cgroup subsys pids
[   12.467608] CPU: Physical Processor ID: 0
[   12.542539] CPU: Processor Core ID: 0
[   12.616502] mce: CPU supports 0 MCE banks
[   12.699939] Last level iTLB entries: 4KB 1024, 2MB 1024, 4MB 1024
[   12.846899] Last level dTLB entries: 4KB 1024, 2MB 1024, 4MB 1024, 1GB 4
[   12.961678] Freeing SMP alternatives memory: 32K
[   13.041006] ftrace: allocating 32146 entries in 126 pages
[   13.184337] smpboot: APIC(0) Converting physical 0 to logical package 0
[   13.294270] smpboot: Max logical packages: 1
[   13.379661] x2apic enabled
[   13.432071] Switched APIC routing to physical x2apic.
[   13.482486] ..TIMER: vector=0x30 apic1=0 pin1=2 apic2=-1 pin2=-1
[   13.711386] smpboot: CPU0: Intel(R) Core(TM) i7-4750HQ CPU @ 2.00GHz (family: 0x6, model: 0x46, stepping: 0x1)
[   13.910346] Performance Events: unsupported p6 CPU model 70 no PMU driver, software events only.
[   14.120042] KVM setup paravirtual spinlock
[   14.147157] x86: Booting SMP configuration:
[   14.207974] .... node  #0, CPUs:      #1
[   14.281548] kvm-clock: cpu 1, msr 0:3ffe3041, secondary cpu clock
[   14.426662] mce: CPU supports 0 MCE banks
[   14.484978] x86: Booted up 1 node, 2 CPUs
[   14.516814] smpboot: Total of 2 processors activated (7981.52 BogoMIPS)
[   14.568623] devtmpfs: initialized
[   14.590254] evm: security.selinux
[   14.605175] evm: security.SMACK64
[   14.660000] evm: security.SMACK64EXEC
[   14.720979] evm: security.SMACK64TRANSMUTE
[   14.758155] evm: security.SMACK64MMAP
[   14.826639] evm: security.ima
[   14.886852] evm: security.capability
[   14.970555] clocksource: jiffies: mask: 0xffffffff max_cycles: 0xffffffff, max_idle_ns: 7645041785100000 ns
[   15.194242] futex hash table entries: 512 (order: 3, 32768 bytes)
[   15.344853] pinctrl core: initialized pinctrl subsystem
[   15.463080] RTC time: 23:48:26, date: 10/10/17
[   15.566519] NET: Registered protocol family 16
[   15.671629] cpuidle: using governor ladder
[   15.711621] cpuidle: using governor menu
[   15.717813] PCCT header not found.
[   15.718593] ACPI: bus type PCI registered
[   15.719386] acpiphp: ACPI Hot Plug PCI Controller Driver version: 0.5
[   15.720606] PCI: Using configuration type 1 for base access
[   15.736200] ACPI: Added _OSI(Module Device)
[   15.849546] ACPI: Added _OSI(Processor Device)
[   15.957387] ACPI: Added _OSI(3.0 _SCP Extensions)
[   16.065446] ACPI: Added _OSI(Processor Aggregator Device)
[   16.203718] ACPI: Executed 1 blocks of module-level executable AML code
[   16.359758] ACPI: Interpreter enabled
[   16.423157] ACPI: (supports S0 S5)
[   16.492377] ACPI: Using IOAPIC for interrupt routing
[   16.568201] PCI: Using host bridge windows from ACPI; if necessary, use "pci=nocrs" and report a bug
[   16.769101] ACPI: PCI Root Bridge [PCI0] (domain 0000 [bus 00-ff])
[   16.802639] acpi PNP0A03:00: _OSC: OS supports [ASPM ClockPM Segments MSI]
[   16.887201] acpi PNP0A03:00: _OSC: not requesting OS control; OS requires [ExtendedConfig ASPM ClockPM MSI]
[   17.033815] acpi PNP0A03:00: fail to add MMCONFIG information, can't access extended PCI configuration space under this bridge.
[   17.258648] PCI host bridge to bus 0000:00
[   17.335150] pci_bus 0000:00: root bus resource [io  0x0000-0x0cf7 window]
[   17.447191] pci_bus 0000:00: root bus resource [io  0x0d00-0xffff window]
[   17.545206] pci_bus 0000:00: root bus resource [mem 0x000a0000-0x000bffff window]
[   17.694158] pci_bus 0000:00: root bus resource [mem 0x40000000-0xffdfffff window]
[   17.859383] pci_bus 0000:00: root bus resource [bus 00-ff]
[   17.906152] pci 0000:00:01.1: legacy IDE quirk: reg 0x10: [io  0x01f0-0x01f7]
[   17.950578] pci 0000:00:01.1: legacy IDE quirk: reg 0x14: [io  0x03f6]
[   17.976416] pci 0000:00:01.1: legacy IDE quirk: reg 0x18: [io  0x0170-0x0177]
[   18.171077] pci 0000:00:01.1: legacy IDE quirk: reg 0x1c: [io  0x0376]
[   18.340103] pci 0000:00:07.0: quirk: [io  0x4000-0x403f] claimed by PIIX4 ACPI
[   18.510690] pci 0000:00:07.0: quirk: [io  0x4100-0x410f] claimed by PIIX4 SMB
[   18.684001] ACPI: PCI Interrupt Link [LNKA] (IRQs 5 9 10 *11)
[   18.798488] ACPI: PCI Interrupt Link [LNKB] (IRQs 5 9 10 *11)
[   18.842977] ACPI: PCI Interrupt Link [LNKC] (IRQs 5 9 *10 11)
[   18.844538] ACPI: PCI Interrupt Link [LNKD] (IRQs 5 *9 10 11)
[   18.846163] ACPI: Enabled 2 GPEs in block 00 to 07
[   18.848847] vgaarb: setting as boot device: PCI:0000:00:02.0
[   18.894675] vgaarb: device added: PCI:0000:00:02.0,decodes=io+mem,owns=io+mem,locks=none
[   18.896172] vgaarb: loaded
[   18.896756] vgaarb: bridge control possible 0000:00:02.0
[   18.993832] SCSI subsystem initialized
[   19.016180] ACPI: bus type USB registered
[   19.033931] usbcore: registered new interface driver usbfs
[   19.063933] usbcore: registered new interface driver hub
[   19.064925] usbcore: registered new device driver usb
[   19.158920] PCI: Using ACPI for IRQ routing
[   19.271459] NetLabel: Initializing
[   19.363090] NetLabel:  domain hash size = 128
[   19.471998] NetLabel:  protocols = UNLABELED CIPSOv4
[   19.600136] NetLabel:  unlabeled traffic allowed by default
[   19.746094] amd_nb: Cannot enumerate AMD northbridges
[   19.857107] clocksource: Switched to clocksource kvm-clock
[   19.990774] AppArmor: AppArmor Filesystem Enabled
[   20.097444] pnp: PnP ACPI init
[   20.149300] pnp: PnP ACPI: found 3 devices
[   20.244865] clocksource: acpi_pm: mask: 0xffffff max_cycles: 0xffffff, max_idle_ns: 2085701024 ns
[   20.452307] NET: Registered protocol family 2
[   20.581290] TCP established hash table entries: 8192 (order: 4, 65536 bytes)
[   20.773383] TCP bind hash table entries: 8192 (order: 5, 131072 bytes)
[   20.946605] TCP: Hash tables configured (established 8192 bind 8192)
[   21.136635] UDP hash table entries: 512 (order: 2, 16384 bytes)
[   21.256004] UDP-Lite hash table entries: 512 (order: 2, 16384 bytes)
[   21.415882] NET: Registered protocol family 1
[   21.543505] pci 0000:00:00.0: Limiting direct PCI/PCI transfers
[   21.708622] pci 0000:00:01.0: Activating ISA DMA hang workarounds
[   21.870514] Unpacking initramfs...
[   23.683178] Freeing initrd memory: 10792K
[   23.770477] platform rtc_cmos: registered platform RTC device (no PNP device found)
[   24.004489] Scanning for low memory corruption every 60 seconds
[   24.153779] audit: initializing netlink subsys (disabled)
[   24.303711] audit: type=2000 audit(1507679301.897:1): initialized
[   24.448373] Initialise system trusted keyring
[   24.563791] HugeTLB registered 2 MB page size, pre-allocated 0 pages
[   24.625164] zbud: loaded
[   24.660962] VFS: Disk quotas dquot_6.6.0
[   24.742879] VFS: Dquot-cache hash table entries: 512 (order 0, 4096 bytes)
[   24.948169] tsc: Refined TSC clocksource calibration: 1994.741 MHz
[   25.118453] clocksource: tsc: mask: 0xffffffffffffffff max_cycles: 0x39818cf2980, max_idle_ns: 881590752264 ns
[   25.118873] squashfs: version 4.0 (2009/01/31) Phillip Lougher
[   25.119247] fuse init (API version 7.23)
[   25.119368] Key type big_key registered
[   25.119389] Allocating IMA MOK and blacklist keyrings.
[   25.119587] Key type asymmetric registered
[   25.119594] Asymmetric key parser 'x509' registered
[   25.119628] Block layer SCSI generic (bsg) driver version 0.4 loaded (major 249)
[   25.119658] io scheduler noop registered
[   25.119660] io scheduler deadline registered (default)
[   25.119687] io scheduler cfq registered
[   25.119782] pci_hotplug: PCI Hot Plug PCI Core version: 0.5
[   25.119787] pciehp: PCI Express Hot Plug Controller Driver version: 0.4
[   25.120158] ACPI: AC Adapter [AC] (off-line)
[   25.120210] input: Power Button as /devices/LNXSYSTM:00/LNXPWRBN:00/input/input0
[   25.120212] ACPI: Power Button [PWRF]
[   25.120277] input: Sleep Button as /devices/LNXSYSTM:00/LNXSLPBN:00/input/input1
[   25.120278] ACPI: Sleep Button [SLPF]
[   25.120409] GHES: HEST is not enabled!
[   25.121463] ACPI: Battery Slot [BAT0] (battery present)
[   25.121508] Serial: 8250/16550 driver, 32 ports, IRQ sharing enabled
[   25.423254] 00:02: ttyS0 at I/O 0x3f8 (irq = 4, base_baud = 115200) is a 16550A
[   25.513283] Linux agpgart interface v0.103
[   25.519201] loop: module loaded
[   25.519992] scsi host0: ata_piix
[   25.520084] scsi host1: ata_piix
[   25.520134] ata1: PATA max UDMA/33 cmd 0x1f0 ctl 0x3f6 bmdma 0xd000 irq 14
[   25.520135] ata2: PATA max UDMA/33 cmd 0x170 ctl 0x376 bmdma 0xd008 irq 15
[   25.520246] libphy: Fixed MDIO Bus: probed
[   25.520250] tun: Universal TUN/TAP device driver, 1.6
[   25.520250] tun: (C) 1999-2004 Max Krasnyansky <maxk@qualcomm.com>
[   25.520704] PPP generic driver version 2.4.2
[   25.520786] ehci_hcd: USB 2.0 'Enhanced' Host Controller (EHCI) Driver
[   25.520792] ehci-pci: EHCI PCI platform driver
[   25.520817] ehci-platform: EHCI generic platform driver
[   25.520829] ohci_hcd: USB 1.1 'Open' Host Controller (OHCI) Driver
[   25.520834] ohci-pci: OHCI PCI platform driver
[   25.520846] ohci-platform: OHCI generic platform driver
[   25.520858] uhci_hcd: USB Universal Host Controller Interface driver
[   25.520939] i8042: PNP: PS/2 Controller [PNP0303:PS2K,PNP0f03:PS2M] at 0x60,0x64 irq 1,12
[   25.582148] serio: i8042 KBD port at 0x60,0x64 irq 1
[   25.582160] serio: i8042 AUX port at 0x60,0x64 irq 12
[   25.582366] mousedev: PS/2 mouse device common for all mice
[   25.582715] rtc_cmos rtc_cmos: rtc core: registered rtc_cmos as rtc0
[   25.582772] rtc_cmos rtc_cmos: alarms up to one day, 114 bytes nvram
[   25.582779] i2c /dev entries driver
[   25.582858] device-mapper: uevent: version 1.0.3
[   25.582916] device-mapper: ioctl: 4.34.0-ioctl (2015-10-28) initialised: dm-devel@redhat.com
[   25.582939] ledtrig-cpu: registered to indicate activity on CPUs
[   25.583264] NET: Registered protocol family 10
[   25.583422] NET: Registered protocol family 17
[   25.583433] Key type dns_resolver registered
[   25.705675] microcode: CPU0 sig=0x40661, pf=0x40, revision=0x0
[   25.705707] microcode: CPU1 sig=0x40661, pf=0x40, revision=0x0
[   25.705806] microcode: Microcode Update Driver: v2.01 <tigran@aivazian.fsnet.co.uk>, Peter Oruba
[   25.705937] registered taskstats version 1
[   25.705954] Loading compiled-in X.509 certificates
[   25.706680] Loaded X.509 cert 'Build time autogenerated kernel key: b1a6ea8776bed2812c00d8a799f968274ef48628'
[   25.706703] zswap: loaded using pool lzo/zbud
[   25.708950] Key type trusted registered
[   25.711898] Key type encrypted registered
[   25.711904] AppArmor: AppArmor sha1 policy hashing enabled
[   25.711907] ima: No TPM chip found, activating TPM-bypass!
[   25.711924] evm: HMAC attrs: 0x1
[   25.712328]   Magic number: 5:6:858
[   25.730732] rtc_cmos rtc_cmos: setting system clock to 2017-10-10 23:48:37 UTC (1507679317)
[   25.730883] BIOS EDD facility v0.16 2004-Jun-25, 0 devices found
[   25.730884] EDD information not available.
[   26.177928] input: AT Translated Set 2 keyboard as /devices/platform/i8042/serio0/input/input2
[   31.850610] Freeing unused kernel memory: 1492K
[   31.966323] Write protecting the kernel read-only data: 14336k
[   32.076977] Freeing unused kernel memory: 1748K
[   32.190968] Freeing unused kernel memory: 112K
Loading, please [   32.297453] random: systemd-udevd: uninitialized urandom read (16 bytes read, 4 bits of entropy available)
wait...
startin[   32.298051] random: udevadm: uninitialized urandom read (16 bytes read, 4 bits of entropy available)
g version 229
[   32.298084] random: udevadm: uninitialized urandom read (16 bytes read, 4 bits of entropy available)
[   32.298186] random: udevadm: uninitialized urandom read (16 bytes read, 4 bits of entropy available)
[   32.298236] random: udevadm: uninitialized urandom read (16 bytes read, 4 bits of entropy available)
[   32.298275] random: udevadm: uninitialized urandom read (16 bytes read, 4 bits of entropy available)
[   32.298311] random: udevadm: uninitialized urandom read (16 bytes read, 4 bits of entropy available)
[   32.298345] random: udevadm: uninitialized urandom read (16 bytes read, 4 bits of entropy available)
[   32.298382] random: udevadm: uninitialized urandom read (16 bytes read, 4 bits of entropy available)
[   32.298416] random: udevadm: uninitialized urandom read (16 bytes read, 4 bits of entropy available)
[   33.719235] e1000: Intel(R) PRO/1000 Network Driver - version 7.3.21-k8-NAPI
[   33.868756] e1000: Copyright (c) 1999-2006 Intel Corporation.
[   34.018123] Fusion MPT base driver 3.04.20
[   34.164390] Copyright (c) 1999-2008 LSI Corporation
[   34.332871] Fusion MPT SPI Host driver 3.04.20
[   34.516722] AVX version of gcm_enc/dec engaged.
[   34.621632] AES CTR mode by8 optimization enabled
[   34.653046] input: ImExPS/2 Generic Explorer Mouse as /devices/platform/i8042/serio1/input/input4
[   34.887589] e1000 0000:00:03.0 eth0: (PCI:33MHz:32-bit) 02:20:af:b1:c6:17
[   35.021950] e1000 0000:00:03.0 eth0: Intel(R) PRO/1000 Network Connection
[   35.191106] mptbase: ioc0: Initiating bringup
[   35.356198] ioc0: LSI53C1030 A0: Capabilities={Initiator}
[   35.645731] scsi host2: ioc0: LSI53C1030 A0, FwRev=00000000h, Ports=1, MaxQ=256, IRQ=20
[   35.874816] scsi 2:0:0:0: Direct-Access     VBOX     HARDDISK         1.0  PQ: 0 ANSI: 5
[   36.060805] scsi target2:0:0: Beginning Domain Validation
[   36.188312] scsi target2:0:0: Domain Validation skipping write tests
[   36.230537] e1000 0000:00:08.0 eth1: (PCI:33MHz:32-bit) 08:00:27:6e:8d:5f
[   36.230542] e1000 0000:00:08.0 eth1: Intel(R) PRO/1000 Network Connection
[   36.806224] scsi target2:0:0: Ending Domain Validation
[   36.811150] e1000 0000:00:08.0 enp0s8: renamed from eth1
[   36.876390] scsi target2:0:0: asynchronous
[   36.902900] scsi 2:0:1:0: Direct-Access     VBOX     HARDDISK         1.0  PQ: 0 ANSI: 5
[   37.095104] scsi target2:0:1: Beginning Domain Validation
[   37.252415] e1000 0000:00:03.0 enp0s3: renamed from eth0
[   37.409236] scsi target2:0:1: Domain Validation skipping write tests
[   37.572779] scsi target2:0:1: Ending Domain Validation
[   37.691214] floppy0: no floppy controllers found
[   37.691294] scsi target2:0:1: asynchronous
[   37.838649] sd 2:0:0:0: [sda] 20971520 512-byte logical blocks: (10.7 GB/10.0 GiB)
[   37.838989] sd 2:0:0:0: [sda] Write Protect is off
[   37.839210] sd 2:0:0:0: [sda] Incomplete mode parameter data
[   37.839211] sd 2:0:0:0: [sda] Assuming drive cache: write through
[   37.954930] sd 2:0:0:0: Attached scsi generic sg0 type 0
[   37.955302] sd 2:0:1:0: [sdb] 20480 512-byte logical blocks: (10.5 MB/10.0 MiB)
[   37.955539] sd 2:0:1:0: Attached scsi generic sg1 type 0
[   37.955627] sd 2:0:1:0: [sdb] Write Protect is off
[   37.955687] sd 2:0:1:0: [sdb] Incomplete mode parameter data
[   37.955687] sd 2:0:1:0: [sdb] Assuming drive cache: write through
[   37.956720]  sda: sda1
[   37.957759] sd 2:0:0:0: [sda] Attached SCSI disk
[   37.958286] sd 2:0:1:0: [sdb] Attached SCSI disk
Begin: Loading e[   39.658289] md: linear personality registered for level -1
ssential drivers[   39.794884] md: multipath personality registered for level -4
 ... [   39.959758] md: raid0 personality registered for level 0
[   40.100812] md: raid1 personality registered for level 1
[   40.279000] raid6: sse2x1   gen()  8792 MB/s
[   40.496200] raid6: sse2x1   xor()  7838 MB/s
[   40.713398] raid6: sse2x2   gen() 11343 MB/s
[   40.953806] raid6: sse2x2   xor()  7988 MB/s
[   41.273647] raid6: sse2x4   gen() 13578 MB/s
[   41.385880] raid6: sse2x4   xor()  8935 MB/s
[   41.521400] raid6: using algorithm sse2x4 gen() 13578 MB/s
[   41.523636] raid6: .... xor() 8935 MB/s, rmw enabled
[   41.524563] raid6: using ssse3x2 recovery algorithm
[   41.527031] xor: automatically using best checksumming function:
[   41.717131]    avx       : 21469.000 MB/sec
[   41.828093] async_tx: api initialized (async)
[   41.924648] md: raid6 personality registered for level 6
[   42.038017] md: raid5 personality registered for level 5
[   42.157483] md: raid4 personality registered for level 4
[   42.308645] md: raid10 personality registered for level 10
done.
Begin: Running /scripts/init-premount ... done.
Begin: Mounti[   42.457145] Btrfs loaded
ng root file system ... Begin: Running /scripts/local-top ... done.
Begin: Running /scripts/local-premount ... Scanning for Btrfs filesystems
done.
Warning: fsck not present, so sk[   42.514482] EXT4-fs (sda1): mounted filesystem with ordered data mode. Opts: (null)
ipping root file system
done.
Begin: Running /scripts/local-bottom ... done.
Begin: Running /scripts/init-bottom ... done.
[   42.742102] systemd[1]: systemd 229 running in system mode. (+PAM +AUDIT +SELINUX +IMA +APPARMOR +SMACK +SYSVINIT +UTMP +LIBCRYPTSETUP +GCRYPT +GNUTLS +ACL +XZ -LZ4 +SECCOMP +BLKID +ELFUTILS +KMOD -IDN)
[   42.798754] systemd[1]: Detected virtualization oracle.
[   42.917885] systemd[1]: Detected architecture x86-64.

Welcome to [1mUbuntu 16.04.3 LTS[0m!

[   43.142498] systemd[1]: Set hostname to <ubuntu-xenial>.
[   43.481728] systemd[1]: Reached target Swap.
[[0;32m  OK  [0m] Reached target Swap.
[   43.577307] systemd[1]: Reached target Encrypted Volumes.
[[0;32m  OK  [0m] Reached target Encrypted Volumes.
[   43.621571] systemd[1]: Listening on LVM2 metadata daemon socket.
[[0;32m  OK  [0m] Listening on LVM2 metadata daemon socket.
[   43.793847] systemd[1]: Listening on udev Kernel Socket.
[[0;32m  OK  [0m] Listening on udev Kernel Socket.
[   44.026439] systemd[1]: Created slice User and Session Slice.
[[0;32m  OK  [0m] Created slice User and Session Slice.
[   44.273850] systemd[1]: Listening on LVM2 poll daemon socket.
[[0;32m  OK  [0m] Listening on LVM2 poll daemon socket.
[   44.481791] systemd[1]: Listening on Journal Socket.
[[0;32m  OK  [0m] Listening on Journal Socket.
[   44.701507] systemd[1]: Listening on Journal Socket (/dev/log).
[[0;32m  OK  [0m] Listening on Journal Socket (/dev/log).
[   44.733343] systemd[1]: Listening on /dev/initctl Compatibility Named Pipe.
[[0;32m  OK  [0m] Listening on /dev/initctl Compatibility Named Pipe.
[   44.822183] systemd[1]: Reached target User and Group Name Lookups.
[[0;32m  OK  [0m] Reached target User and Group Name Lookups.
[   45.050630] systemd[1]: Set up automount Arbitrary Executable File Formats File System Automount Point.
[[0;32m  OK  [0m] Set up automount Arbitrary Executab...ats File System Automount Point.
[   45.409657] systemd[1]: Listening on Syslog Socket.
[[0;32m  OK  [0m] Listening on Syslog Socket.
[   45.526699] systemd[1]: Listening on udev Control Socket.
[[0;32m  OK  [0m] Listening on udev Control Socket.
[   45.709810] systemd[1]: Listening on Device-mapper event daemon FIFOs.
[[0;32m  OK  [0m] Listening on Device-mapper event daemon FIFOs.
[   45.813440] systemd[1]: Started Forward Password Requests to Wall Directory Watch.
[[0;32m  OK  [0m] Started Forward Password Requests to Wall Directory Watch.
[   45.862020] systemd[1]: Created slice System Slice.
[[0;32m  OK  [0m] Created slice System Slice.
[   46.021949] systemd[1]: Starting Remount Root and Kernel File Systems...
[   46.034645] EXT4-fs (sda1): re-mounted. Opts: (null)
         Starting Remount Root and Kernel File Systems...
[   46.402090] systemd[1]: Starting Uncomplicated firewall...
         Starting Uncomplicated firewall...
[   46.500134] systemd[1]: Starting Monitoring of LVM2 mirrors, snapshots etc. using dmeventd or progress polling...
[   46.501367] random: nonblocking pool is initialized
         Starting Monitoring of LVM2 mirrors... dmeventd or progress polling...
[   46.873653] systemd[1]: Mounting Huge Pages File System...
         Mounting Huge Pages File System...
[   46.946009] systemd[1]: Created slice system-serial\x2dgetty.slice.
[[0;32m  OK  [0m] Created slice system-serial\x2dgetty.slice.
[   46.993578] systemd[1]: Starting Nameserver information manager...
         Starting Nameserver information manager...
[   47.129783] systemd[1]: Starting Load Kernel Modules...
[   47.174074] Loading iSCSI transport class v2.0-870.
         Startin[   47.294188] iscsi: registered transport (tcp)
g Load Kernel Modules...
[   47.414720] iscsi: registered transport (iser)
[   47.501539] systemd[1]: Starting Create list of required static device nodes for the current kernel...
         Starting Create list of required st... nodes for the current kernel...
[   47.833734] systemd[1]: Mounting Debug File System...
         Mounting Debug File System...
[   47.977540] systemd[1]: Reached target Slices.
[[0;32m  OK  [0m] Reached target Slices.
[   48.081387] systemd[1]: Starting Set console keymap...
         Starting Set console keymap...
[   48.098057] systemd[1]: Mounting POSIX Message Queue File System...
         Mounting POSIX Message Queue File System...
[   48.186197] systemd[1]: Listening on Journal Audit Socket.
[[0;32m  OK  [0m] Listening on Journal Audit Socket.
[   48.309841] systemd[1]: Starting Journal Service...
         Starting Journal Service...
[   48.445665] systemd[1]: Started Trigger resolvconf update for networkd DNS.
[[0;32m  OK  [0m] Started Trigger resolvconf update for networkd DNS.
[   48.643047] systemd[1]: Mounted POSIX Message Queue File System.
[[0;32m  OK  [0m] Mounted POSIX Message Queue File System.
[   48.837499] systemd[1]: Mounted Debug File System.
[[0;32m  OK  [0m] Mounted Debug File System.
[   48.972848] systemd[1]: Mounted Huge Pages File System.
[[0;32m  OK  [0m] Mounted Huge Pages File System.
[   49.137553] systemd[1]: Started Journal Service.
[[0;32m  OK  [0m] Started Journal Service.
[[0;32m  OK  [0m] Started Remount Root and Kernel File Systems.
[[0;32m  OK  [0m] Started Uncomplicated firewall.
[[0;32m  OK  [0m] Started Load Kernel Modules.
[[0;32m  OK  [0m] Started Create list of required sta...ce nodes for the current kernel.
[[0;32m  OK  [0m] Started Set console keymap.
[[0;32m  OK  [0m] Started Nameserver information manager.
[[0;32m  OK  [0m] Started LVM2 metadata daemon.
         Starting Create Static Device Nodes in /dev...
         Mounting FUSE Control File System...
         Starting Apply Kernel Variables...
         Starting Initial cloud-init job (pre-networking)...
         Starting Load/Save Random Seed...
         Starting udev Coldplug all Devices...
         Starting Flush Journal to Persistent Storage...
[[0;32m  OK  [0m] Mounted FUSE Control File System.
[[0;32m  OK  [0m] Started Monitoring of LVM2 mirrors,...ng dmeventd or progress polling.
[[0;32m  OK  [0m] Started Create Static Device Nodes in /dev.
[[0;32m  OK  [0m] Started Apply Kernel Variables.
[[0;32m  OK  [0m] Started Load/Save Random Seed.
[[0;32m  OK  [0m] Started udev Coldplug all Devices.
[[0;32m  OK  [0m] Started Flush Journal to Persistent Storage.
         Starting udev Kernel Device Manager...
[[0;32m  OK  [0m] Started udev Kernel Device Manager.
[[0;32m  OK  [0m] Reached target Local File Systems (Pre).
[[0;32m  OK  [0m] Reached target Local File Systems.
         Starting LSB: AppArmor initialization...
         Starting Tell Plymouth To Write Out Runtime Data...
         Starting Create Volatile Files and Directories...
         Starting Set console font and keymap...
[[0;32m  OK  [0m] Started Dispatch Password Requests to Console Directory Watch.
[   31.647829] cloud-init[448]: Cloud-init v. 0.7.9 running 'init-local' at Tue, 10 Oct 2017 23:49:02 +0000. Up 31.25 seconds.
[[0;32m  OK  [0m] Started Tell Plymouth To Write Out Runtime Data.
[[0;32m  OK  [0m] Started Create Volatile Files and Directories.
[[0;32m  OK  [0m] Started Initial cloud-init job (pre-networking).
[[0;32m  OK  [0m] Found device /dev/ttyS0.
[[0;32m  OK  [0m] Started LSB: AppArmor initialization.
[[0;32m  OK  [0m] Listening on Load/Save RF Kill Switch Status /dev/rfkill Watch.
[[0;32m  OK  [0m] Reached target Network (Pre).
[[0;32m  OK  [0m] Started ifup for enp0s8.
[[0;32m  OK  [0m] Started ifup for enp0s3.
         Starting Raise network interfaces...
         Starting Update UTMP about System Boot/Shutdown...
[[0;32m  OK  [0m] Reached target System Time Synchronized.
[[0;32m  OK  [0m] Started Set console font and keymap.
[[0;32m  OK  [0m] Created slice system-getty.slice.
[[0;32m  OK  [0m] Started Update UTMP about System Boot/Shutdown.
[[0;32m  OK  [0m] Started Raise network interfaces.
         Starting Initial cloud-init job (metadata service crawler)...
[[0;32m  OK  [0m] Reached target Network.
[   35.059375] cloud-init[1047]: Cloud-init v. 0.7.9 running 'init' at Tue, 10 Oct 2017 23:49:05 +0000. Up 34.77 seconds.
[   35.144826] cloud-init[1047]: ci-info: ++++++++++++++++++++++++++++++++++++++Net device info++++++++++++++++++++++++++++++++++++++
[   35.145132] cloud-init[1047]: ci-info: +--------+------+-----------------------------+---------------+-------+-------------------+
[[0;32m  OK  [0m] Started Initial cloud-init job (metadata service crawler).
[   35.145262] cloud-init[1047]: ci-info: | Device |  Up  |           Address           |      Mask     | Scope |     Hw-Address    |
[   35.496678] cloud-init[1047]: ci-info: +--------+------+-----------------------------+---------------+-------+-------------------+
[   35.497126] cloud-init[1047]: ci-info: |   lo   | True |          127.0.0.1          |   255.0.0.0   |   .   |         .         |
[[0;32m  OK  [0m] Reached target System Initialization.
[   35.497324] cloud-init[1047]: ci-info: |   lo   | True |           ::1/128           |       .       |  host |         .         |
[   35.752861] cloud-init[1047]: ci-info: | enp0s3 | True |          10.0.2.15          | 255.255.255.0 |   .   | 02:20:af:b1:c6:17 |
[   35.753152] cloud-init[1047]: ci-info: | enp0s3 | True |  fe80::20:afff:feb1:c617/64 |       .       |  link | 02:20:af:b1:c6:17 |
[[0;32m  OK  [0m] Started Timer to automatically fetch and run repair assertions.
[[   35.753335] cloud-init[1047]: ci-info: | enp0s8 | True |        192.168.33.33        | 255.255.255.0 |   .   | 08:00:27:6e:8d:5f |
[   35.981244] cloud-init[1047]: ci-info: | enp0s8 | True | fe80::a00:27ff:fe6e:8d5f/64 |       .       |  link | 08:00:27:6e:8d:5f |
[0;32m  OK  [0m] Listening on D-Bus System Message Bus Socket.
         [   35.981409] Starting Socket activation for snappy daemon.cloud-init
[1047]: ci-info: +--------+------+-----------------------------+---------------+-------+-------------------+
[   36.336647] cloud-init[1047]: ci-info: ++++++++++++++++++++++++++++Route IPv4 info++++++++++++++++++++++++++++
[   36.337109] cloud-init[1047]: ci-info: +-------+--------------+----------+---------------+-----------+-------+
[[0;32m  OK  [0m] Started Daily Cleanup of Temporary Directories.
[[   36.337335] cloud-init[1047]: ci-info: | Route | Destination  | Gateway  |    Genmask    | Interface | Flags |
[   36.557496] cloud-init[1047]: ci-info: +-------+--------------+----------+---------------+-----------+-------+
[0;32m  OK  [0m] Listening on ACPID Listen Socket.
[[   36.557675] cloud-init[1047]: ci-info: |   0   |   0.0.0.0    | 10.0.2.2 |    0.0.0.0    |   enp0s3  |   UG  |
[   36.761284] cloud-init[1047]: ci-info: |   1   |   10.0.2.0   | 0.0.0.0  | 255.255.255.0 |   enp0s3  |   U   |
[0;32m  OK  [0m] Listening on UUID daemon activation socket.
[[   36.761414] cloud-init[1047]: ci-info: |   2   | 192.168.33.0 | 0.0.0.0  | 255.255.255.0 |   enp0s8  |   U   |
[   36.905122] cloud-init[1047]: ci-info: +-------+--------------+----------+---------------+-----------+-------+
[0;32m  OK  [0m] Started Timer to automatically refresh installed snaps.
[[0;32m  OK  [0m] Started ACPI Events Check.
[[0;32m  OK  [0m] Reached target Paths.
         Starting LXD - unix socket.
[[0;32m  OK  [0m] Reached target Network is Online.
[[0;32m  OK  [0m] Started Daily apt download activities.
[[0;32m  OK  [0m] Started Daily apt upgrade and clean activities.
[[0;32m  OK  [0m] Reached target Timers.
         Starting iSCSI initiator daemon (iscsid)...
[[0;32m  OK  [0m] Reached target Cloud-config availability.
[[0;32m  OK  [0m] Listening on Socket activation for snappy daemon.
[[0;32m  OK  [0m] Listening on LXD - unix socket.
[[0;32m  OK  [0m] Started iSCSI initiator daemon (iscsid).
         Starting Login to default iSCSI targets...
[[0;32m  OK  [0m] Reached target Sockets.
[[0;32m  OK  [0m] Reached target Basic System.
         Starting Accounts Service...
         Starting /etc/rc.local Compatibility...
         Starting LXD - container startup/shutdown...
         Starting Apply the settings specified in cloud-config...
         Starting System Logging Service...
         Starting LSB: Record successful boot for GRUB...
         Starting LSB: MD monitoring daemon...
         Starting Login Service...
[[0;32m  OK  [0m] Started FUSE filesystem for LXC.
[   38.327917] cloud-init[1115]: Cloud-init v. 0.7.9 running 'modules:config' at Tue, 10 Oct 2017 23:49:09 +0000. Up 38.22 seconds.
         Starting OpenBSD Secure Shell server...
[[0;32m  OK  [0m] Started Deferred execution scheduler.
[[0;32m  OK  [0m] Started Unattended Upgrades Shutdown.
         Starting MySQL Community Server...
[[0;32m  OK  [0m] Started ACPI event daemon.
[[0;32m  OK  [0m] Started Regular background program processing daemon.
[[0;32m  OK  [0m] Started D-Bus System Message Bus.
         Starting The PHP 7.0 FastCGI Process Manager...
         Starting Snappy daemon...
[[0;32m  OK  [0m] Started System Logging Service.
[[0;32m  OK  [0m] Started OpenBSD Secure Shell server.
[[0;32m  OK  [0m] Started /etc/rc.local Compatibility.
[[0;32m  OK  [0m] Started LXD - container startup/shutdown.
[[0;32m  OK  [0m] Started Apply the settings specified in cloud-config.
[[0;32m  OK  [0m] Started Snappy daemon.
[[0;32m  OK  [0m] Started Login to default iSCSI targets.
[[0;32m  OK  [0m] Started LSB: Record successful boot for GRUB.
[[0;32m  OK  [0m] Started The PHP 7.0 FastCGI Process Manager.
[[0;32m  OK  [0m] Started LSB: MD monitoring daemon.
[[0;32m  OK  [0m] Started Login Service.
         Starting Authenticate and Authorize Users to Run Privileged Tasks...
[[0;32m  OK  [0m] Reached target Remote File Systems (Pre).
[[0;32m  OK  [0m] Reached target Remote File Systems.
         Starting LSB: Set the CPU Frequency Scaling governor to "ondemand"...
         Starting LSB: automatic crash report generation...
         Starting LSB: daemon to balance interrupts for SMP systems...
         Starting LSB: VirtualBox Linux Additions...
         Starting LSB: Apache2 web server...
         Starting Permit User Sessions...
         Starting Auto import assertions from block devices...
[[0;32m  OK  [0m] Started Permit User Sessions.
[[0;32m  OK  [0m] Started Auto import assertions from block devices.
[[0;32m  OK  [0m] Started Authenticate and Authorize Users to Run Privileged Tasks.
[[0;32m  OK  [0m] Started Accounts Service.
[[0;32m  OK  [0m] Started LSB: Set the CPU Frequency Scaling governor to "ondemand".
[[0;32m  OK  [0m] Started LSB: automatic crash report generation.
[[0;32m  OK  [0m] Started LSB: VirtualBox Linux Additions.
[[0;32m  OK  [0m] Created slice User Slice of ubuntu.
         Starting User Manager for UID 1000...
[[0;32m  OK  [0m] Started Session 1 of user ubuntu.
         Starting Terminate Plymouth Boot Screen...
         Starting Hold until boot process finishes up...
[[0;32m  OK  [0m] Started User Manager for UID 1000.
[[0;32m  OK  [0m] Started MySQL Community Server.
[[0;32m  OK  [0m] Started LSB: daemon to balance interrupts for SMP systems.
[[0;32m  OK  [0m] Started Terminate Plymouth Boot Screen.
[[0;32m  OK  [0m] Started Hold until boot process finishes up.
[[0;32m  OK  [0m] Started Getty on tty1.
         Starting Set console scheme...
[[0;32m  OK  [0m] Started Serial Getty on ttyS0.
[[0;32m  OK  [0m] Reached target Login Prompts.
[[0;32m  OK  [0m] Started Set console scheme.
[[0;32m  OK  [0m] Started LSB: Apache2 web server.
[[0;32m  OK  [0m] Reached target Multi-User System.
         Starting Execute cloud user/final scripts...
[[0;32m  OK  [0m] Reached target Graphical Interface.
         Starting Update UTMP about System Runlevel Changes...
[[0;32m  OK  [0m] Started Update UTMP about System Runlevel Changes.
[   41.496460] cloud-init[1492]: Cloud-init v. 0.7.9 running 'modules:final' at Tue, 10 Oct 2017 23:49:12 +0000. Up 41.37 seconds.
[   41.556403] cloud-init[1492]: Cloud-init v. 0.7.9 finished at Tue, 10 Oct 2017 23:49:12 +0000. Datasource DataSourceNoCloud [seed=/dev/sdb][dsmode=net].  Up 41.49 seconds
[[0;32m  OK  [0m] Started Execute cloud user/final scripts.
[[0;32m  OK  [0m] Reached target Cloud-init target.

Ubuntu 16.04.3 LTS ubuntu-xenial ttyS0

ubuntu-xenial login: [[0;32m  OK  [0m] Stopped target Graphical Interface.
[[0;32m  OK  [0m] Closed Load/Save RF Kill Switch Status /dev/rfkill Watch.
         Stopping Accounts Service...
         Stopping ACPI event daemon...
         Stopg         Stopping LXD - container startup/shutdown...
         Stopping D-Bus System Message Bus...
         Stopping FUSE filesystem for LXC...
         Stopping Unattended Upgrades Shutdown...
         Stopping LSB: Record successful boot for GRUB...
         Stopping Getty on tty1...
         Stopping MySQL Community Server...
[[0;32m  OK  [0m] Stopped Apply the settings specified in cloud-config.
[[0;32m  OK  [0m] Stopped target Cloud-config availability.
[[0;32m  OK  [0m] Stopped Daily Cleanup of Temporary Directories.
[[0;32m  OK  [0m] Unmounted /var/lib/lxcfs.
[[0;32m  OK  [0m] Stopped Accounts Service.
[[0;32m  OK  [0m] Stopped System Logging Service.
[[0;32m  OK  [0m] Stopped OpenBSD Secure Shell server.
[[0;32m  OK  [0m] Stopped Deferred execution scheduler.
[[0;32m  OK  [0m] Stopped ACPI event daemon.
[[0;32m  OK  [0m] Stopped Regular background program processing daemon.
[[0;32m  OK  [0m] Stopped Snappy daemon.
[[0;32m  OK  [0m] Stopped The PHP 7.0 FastCGI Process Manager.
[[0;32m  OK  [0m] Stopped Authenticate and Authorize Users to Run Privileged Tasks.
[[0;32m  OK  [0m] Stopped Getty on tty1.
[[0;32m  OK  [0m] Stopped Serial Getty on ttyS0.
[[0;32m  OK  [0m] Stopped User Manager for UID 1000.
[[0;32m  OK  [0m] Stopped Session 2 of user ubuntu.
[[0;32m  OK  [0m] Stopped D-Bus System Message Bus.
[[0;32m  OK  [0m] Stopped Unattended Upgrades Shutdown.
[[0;32m  OK  [0m] Stopped FUSE filesystem for LXC.
[[0;32m  OK  [0m] Stopped LSB: MD monitoring daemon.
[[0;32m  OK  [0m] Stopped LSB: VirtualBox Linux Additions.
[[0;32m  OK  [0m] Stopped LSB: automatic crash report generation.
[[0;32m  OK  [0m] Stopped LXD - container startup/shutdown.
[[0;32m  OK  [0m] Stopped LSB: Set the CPU Frequency Scaling governor to "ondemand".
[[0;32m  OK  [0m] Stopped LSB: daemon to balance interrupts for SMP systems.
[[0;32m  OK  [0m] Stopped LSB: Apache2 web server.
[[0;32m  OK  [0m] Stopped LSB: Record successful boot for GRUB.
[[0;32m  OK  [0m] Stopped MySQL Community Server.
[[0;32m  OK  [0m] Removed slice User Slice of ubuntu.
         Stopping Login Service...
[[0;32m  OK  [0m] Removed slice system-serial\x2dgetty.slice.
[[0;32m  OK  [0m] Removed slice system-getty.slice.
[[0;32m  OK  [0m] Stopped /etc/rc.local Compatibility.
         Stopping Permit User Sessions...
[[0;32m  OK  [0m] Stopped Login Service.
[[0;32m  OK  [0m] Stopped Permit User Sessions.
[[0;32m  OK  [0m] Stopped target Remote File Systems.
[[0;32m  OK  [0m] Stopped target Remote File Systems (Pre).
         Stopping Login to default iSCSI targets...
[[0;32m  OK  [0m] Stopped target User and Group Name Lookups.
[[0;32m  OK  [0m] Stopped target Basic System.
[[0;32m  OK  [0m] Stopped target Slices.
[[0;32m  OK  [0m] Removed slice User and Session Slice.
[[0;32m  OK  [0m] Stopped target Paths.
[[0;32m  OK  [0m] Stopped ACPI Events Check.
[[0;32m  OK  [0m] Stopped Dispatch Password Requests to Console Directory Watch.
[[0;32m  OK  [0m] Stopped Forward Password Requests to Wall Directory Watch.
[[0;32m  OK  [0m] Stopped target Sockets.
[[0;32m  OK  [0m] Closed LXD - unix socket.
[[0;32m  OK  [0m] Closed ACPID Listen Socket.
[[0;32m  OK  [0m] Closed Socket activation for snappy daemon.
[[0;32m  OK  [0m] Closed UUID daemon activation socket.
[[0;32m  OK  [0m] Closed D-Bus System Message Bus Socket.
[[0;32m  OK  [0m] Stopped target System Initialization.
[[0;32m  OK  [0m] Stopped target Encrypted Volumes.
         Stopping Load/Save Random Seed...
[[0;32m  OK  [0m] Stopped Create Volatile Files and Directories.
[[0;32m  OK  [0m] Stopped target Swap.
[[0;32m  OK  [0m] Closed Syslog Socket.
[[0;32m  OK  [0m] Stopped Load/Save Random Seed.
[[0;32m  OK  [0m] Stopped Login to default iSCSI targets.
         Stopping iSCSI initiator daemon (iscsid)...
[[0;32m  OK  [0m] Stopped iSCSI initiator daemon (iscsid).
[[0;32m  OK  [0m] Stopped target Network is Online.
[[0;32m  OK  [0m] Stopped Initial cloud-init job (metadata service crawler).
[[0;32m  OK  [0m] Stopped target Network.
         Stopping Raise network interfaces...
[[0;32m  OK  [0m] Stopped Raise network interfaces.
[[0;32m  OK  [0m] Stopped target Local File Systems.
         Unmounting /var/www/html/soding...
         Unmounting /run/user/1000...
         Unmounting /vagrant...
[[0;32m  OK  [0m] Stopped target Network (Pre).
[[0;32m  OK  [0m] Stopped Initial cloud-init job (pre-networking).
[[0;32m  OK  [0m] Stopped Apply Kernel Variables.
[[0;32m  OK  [0m] Stopped Load Kernel Modules.
[[0;32m  OK  [0m] Unmounted /var/www/html/soding.
[[0;32m  OK  [0m] Unmounted /run/user/1000.
[[0;32m  OK  [0m] Unmounted /vagrant.
[[0;32m  OK  [0m] Reached target Unmount All Filesystems.
[[0;32m  OK  [0m] Stopped target Local File Systems (Pre).
[[0;32m  OK  [0m] Stopped Create Static Device Nodes in /dev.
         Stopping Monitoring of LVM2 mirrors... dmeventd or progress polling...
[[0;32m  OK  [0m] Stopped Remount Root and Kernel File Systems.
[[0;32m  OK  [0m] Reached target Shutdown.
[   88.016080] reboot: Power down
